{
  "stats": {
    "suites": 2,
    "tests": 10,
    "passes": 10,
    "pending": 0,
    "failures": 0,
    "start": "2023-06-04T09:44:55.026Z",
    "end": "2023-06-04T09:45:10.927Z",
    "duration": 15901,
    "testsRegistered": 10,
    "passPercent": 100,
    "pendingPercent": 0,
    "other": 0,
    "hasOther": false,
    "skipped": 0,
    "hasSkipped": false
  },
  "results": [
    {
      "uuid": "58012ddd-7dff-4af0-aff0-8f0cc8554316",
      "title": "",
      "fullFile": "",
      "file": "",
      "beforeHooks": [
        {
          "title": "\"before all\" hook: Navigating to JIO Cinema TATA IPL in \"{root}\"",
          "fullTitle": "\"before all\" hook: Navigating to JIO Cinema TATA IPL in \"{root}\"",
          "timedOut": false,
          "duration": 0,
          "state": null,
          "speed": null,
          "pass": false,
          "fail": false,
          "pending": false,
          "context": null,
          "code": "driver.get(`${baseURL}/sports`);",
          "err": {},
          "uuid": "990bec45-dd64-4048-a632-13bc9807544d",
          "parentUUID": "58012ddd-7dff-4af0-aff0-8f0cc8554316",
          "isHook": true,
          "skipped": false
        }
      ],
      "afterHooks": [
        {
          "title": "\"after all\" hook: Closing the Driver in \"{root}\"",
          "fullTitle": "\"after all\" hook: Closing the Driver in \"{root}\"",
          "timedOut": false,
          "duration": 0,
          "state": null,
          "speed": null,
          "pass": false,
          "fail": false,
          "pending": false,
          "context": null,
          "code": "driver.quit();",
          "err": {},
          "uuid": "f565a410-3b41-4f27-a861-d94f8b1b3bcb",
          "parentUUID": "58012ddd-7dff-4af0-aff0-8f0cc8554316",
          "isHook": true,
          "skipped": false
        }
      ],
      "tests": [],
      "suites": [
        {
          "uuid": "9f029a26-e9be-4e77-870a-87b0d5700a90",
          "title": "Scenario 2 : To Change Language or Quality in Live/VOD",
          "fullFile": "C:\\Users\\Venithas.sekar\\Documents\\Selenium\\test\\test_Change_Audio_Video.js",
          "file": "\\test_Change_Audio_Video.js",
          "beforeHooks": [],
          "afterHooks": [],
          "tests": [
            {
              "title": "Playing the VOD",
              "fullTitle": "Scenario 2 : To Change Language or Quality in Live/VOD Playing the VOD",
              "timedOut": false,
              "duration": 9508,
              "state": "passed",
              "speed": "slow",
              "pass": true,
              "fail": false,
              "pending": false,
              "context": null,
              "code": "await basePage.test_ClickLinkText(audio.vod);\n    console.log(\"VOD is Playing\");\n    await basePage.test_Wait(audio.hideAd);",
              "err": {},
              "uuid": "37eff7de-28fa-4181-b8d1-5f0814448977",
              "parentUUID": "9f029a26-e9be-4e77-870a-87b0d5700a90",
              "isHook": false,
              "skipped": false
            },
            {
              "title": "Changing Audio to Another Language",
              "fullTitle": "Scenario 2 : To Change Language or Quality in Live/VOD Changing Audio to Another Language",
              "timedOut": false,
              "duration": 481,
              "state": "passed",
              "speed": "slow",
              "pass": true,
              "fail": false,
              "pending": false,
              "context": null,
              "code": "await basePage.test_ClickByXpath(audio.selectGroup);\nawait basePage.test_ClickByXpath(audio.selectAudio);\nlanguage = await basePage.test_GetXpathText(audio.selectAudio);\nconsole.log(`Audio Changed from Default to English : ${language}`);",
              "err": {},
              "uuid": "0a1f1d58-c71b-41a2-995a-9f45cb78089b",
              "parentUUID": "9f029a26-e9be-4e77-870a-87b0d5700a90",
              "isHook": false,
              "skipped": false
            },
            {
              "title": "Verifying Audio Changed to Another Language",
              "fullTitle": "Scenario 2 : To Change Language or Quality in Live/VOD Verifying Audio Changed to Another Language",
              "timedOut": false,
              "duration": 2,
              "state": "passed",
              "speed": "fast",
              "pass": true,
              "fail": false,
              "pending": false,
              "context": null,
              "code": "assert.strictEqual(language, audio.changed);",
              "err": {},
              "uuid": "dee4b8c7-895c-4801-b42d-bbd828624cfe",
              "parentUUID": "9f029a26-e9be-4e77-870a-87b0d5700a90",
              "isHook": false,
              "skipped": false
            },
            {
              "title": "Changing Video from Auto to HD Resolution",
              "fullTitle": "Scenario 2 : To Change Language or Quality in Live/VOD Changing Video from Auto to HD Resolution",
              "timedOut": false,
              "duration": 2156,
              "state": "passed",
              "speed": "slow",
              "pass": true,
              "fail": false,
              "pending": false,
              "context": null,
              "code": "await basePage.test_ClickByXpath(video.selectPanel); \n  await basePage.test_ClickByXpath(video.selectQuality);\n  quality = await basePage.test_GetXpathText(video.selectQuality);\n  console.log(`Video Resolution Changed from Auto to ${quality}`);",
              "err": {},
              "uuid": "9ff66976-3e76-4a2f-b3a2-a9ca1543f9ca",
              "parentUUID": "9f029a26-e9be-4e77-870a-87b0d5700a90",
              "isHook": false,
              "skipped": false
            },
            {
              "title": "Verify Whether Resolution is Changed or not",
              "fullTitle": "Scenario 2 : To Change Language or Quality in Live/VOD Verify Whether Resolution is Changed or not",
              "timedOut": false,
              "duration": 1,
              "state": "passed",
              "speed": "fast",
              "pass": true,
              "fail": false,
              "pending": false,
              "context": null,
              "code": "assert.strictEqual(quality, video.resolution);",
              "err": {},
              "uuid": "37b0a576-8475-4d77-b948-b4f511337e6c",
              "parentUUID": "9f029a26-e9be-4e77-870a-87b0d5700a90",
              "isHook": false,
              "skipped": false
            }
          ],
          "suites": [],
          "passes": [
            "37eff7de-28fa-4181-b8d1-5f0814448977",
            "0a1f1d58-c71b-41a2-995a-9f45cb78089b",
            "dee4b8c7-895c-4801-b42d-bbd828624cfe",
            "9ff66976-3e76-4a2f-b3a2-a9ca1543f9ca",
            "37b0a576-8475-4d77-b948-b4f511337e6c"
          ],
          "failures": [],
          "pending": [],
          "skipped": [],
          "duration": 12148,
          "root": false,
          "rootEmpty": false,
          "_timeout": 40000
        },
        {
          "uuid": "f81445a4-4380-4d8f-8286-560f89a4221c",
          "title": "Scenario 1 : Searching for Series and Verifying from Suggestion",
          "fullFile": "C:\\Users\\Venithas.sekar\\Documents\\Selenium\\test\\test_Verify_Search_Series.js",
          "file": "\\test_Verify_Search_Series.js",
          "beforeHooks": [],
          "afterHooks": [],
          "tests": [
            {
              "title": "Searching for Series",
              "fullTitle": "Scenario 1 : Searching for Series and Verifying from Suggestion Searching for Series",
              "timedOut": false,
              "duration": 314,
              "state": "passed",
              "speed": "slow",
              "pass": true,
              "fail": false,
              "pending": false,
              "context": null,
              "code": "await basePage.test_SearchByText(property.idName,property.keyword);",
              "err": {},
              "uuid": "14a65413-5664-411c-91e2-802ecd72f593",
              "parentUUID": "f81445a4-4380-4d8f-8286-560f89a4221c",
              "isHook": false,
              "skipped": false
            },
            {
              "title": "Selecting Series from Suggestion",
              "fullTitle": "Scenario 1 : Searching for Series and Verifying from Suggestion Selecting Series from Suggestion",
              "timedOut": false,
              "duration": 1974,
              "state": "passed",
              "speed": "slow",
              "pass": true,
              "fail": false,
              "pending": false,
              "context": null,
              "code": "await basePage.test_ClickByXpath(property.playSeries);",
              "err": {},
              "uuid": "99a8eb15-34e4-4459-85db-c8a7309ae641",
              "parentUUID": "f81445a4-4380-4d8f-8286-560f89a4221c",
              "isHook": false,
              "skipped": false
            },
            {
              "title": "Verifying Search Keyword with Series Title",
              "fullTitle": "Scenario 1 : Searching for Series and Verifying from Suggestion Verifying Search Keyword with Series Title",
              "timedOut": false,
              "duration": 1019,
              "state": "passed",
              "speed": "slow",
              "pass": true,
              "fail": false,
              "pending": false,
              "context": null,
              "code": "isSearch = await basePage.test_GetXpathText(property.fetchTitle);\n\nassert.strictEqual(isSearch.toLowerCase(), property.keyword.toLowerCase());",
              "err": {},
              "uuid": "7b69655b-7454-4b31-9335-445bf46d2be2",
              "parentUUID": "f81445a4-4380-4d8f-8286-560f89a4221c",
              "isHook": false,
              "skipped": false
            },
            {
              "title": "Verifying Watch Button",
              "fullTitle": "Scenario 1 : Searching for Series and Verifying from Suggestion Verifying Watch Button",
              "timedOut": false,
              "duration": 345,
              "state": "passed",
              "speed": "slow",
              "pass": true,
              "fail": false,
              "pending": false,
              "context": null,
              "code": "watchText = await basePage.test_GetLinkText(property.watch);\nassert.strictEqual(watchText, property.watch);",
              "err": {},
              "uuid": "62fe822f-1e8f-4b25-87ab-39eaf95f85bf",
              "parentUUID": "f81445a4-4380-4d8f-8286-560f89a4221c",
              "isHook": false,
              "skipped": false
            },
            {
              "title": "Verifying Episode List",
              "fullTitle": "Scenario 1 : Searching for Series and Verifying from Suggestion Verifying Episode List",
              "timedOut": false,
              "duration": 67,
              "state": "passed",
              "speed": "medium",
              "pass": true,
              "fail": false,
              "pending": false,
              "context": null,
              "code": "element = await basePage.test_FindByCss(property.tag);\nepisodeLists = await basePage.test_FindClassElements(element, property.class);\nassert.isArray(episodeLists);",
              "err": {},
              "uuid": "28d4c540-2368-4914-afe6-9e6aaa527804",
              "parentUUID": "f81445a4-4380-4d8f-8286-560f89a4221c",
              "isHook": false,
              "skipped": false
            }
          ],
          "suites": [],
          "passes": [
            "14a65413-5664-411c-91e2-802ecd72f593",
            "99a8eb15-34e4-4459-85db-c8a7309ae641",
            "7b69655b-7454-4b31-9335-445bf46d2be2",
            "62fe822f-1e8f-4b25-87ab-39eaf95f85bf",
            "28d4c540-2368-4914-afe6-9e6aaa527804"
          ],
          "failures": [],
          "pending": [],
          "skipped": [],
          "duration": 3719,
          "root": false,
          "rootEmpty": false,
          "_timeout": 40000
        }
      ],
      "passes": [],
      "failures": [],
      "pending": [],
      "skipped": [],
      "duration": 0,
      "root": true,
      "rootEmpty": true,
      "_timeout": 2000
    }
  ],
  "meta": {
    "mocha": {
      "version": "10.2.0"
    },
    "mochawesome": {
      "options": {
        "quiet": false,
        "reportFilename": "mochawesome",
        "saveHtml": true,
        "saveJson": true,
        "consoleReporter": "spec",
        "useInlineDiffs": false,
        "code": true
      },
      "version": "7.1.3"
    },
    "marge": {
      "options": null,
      "version": "6.2.0"
    }
  }
}